TN:
SF:/Users/nikolajparahin/Downloads/fuzzing_hw4/lib/openzeppelin-contracts/contracts/access/Ownable.sol
DA:1,0
DA:39,5
DA:40,0
DA:42,5
DA:49,24
DA:56,4
DA:57,20
DA:63,3
DA:64,7
DA:65,8
DA:76,5
DA:77,4
DA:84,11
DA:85,5
DA:86,9
DA:88,4
DA:95,8
DA:96,28
DA:97,24
DA:98,10
end_of_record

SF:/Users/nikolajparahin/Downloads/fuzzing_hw4/lib/openzeppelin-contracts/contracts/interfaces/IERC5267.sol
end_of_record

SF:/Users/nikolajparahin/Downloads/fuzzing_hw4/lib/openzeppelin-contracts/contracts/interfaces/draft-IERC6093.sol
end_of_record

SF:/Users/nikolajparahin/Downloads/fuzzing_hw4/lib/openzeppelin-contracts/contracts/token/ERC20/ERC20.sol
DA:45,32
DA:46,10
DA:47,7
DA:53,26
DA:54,73
DA:61,0
DA:62,0
DA:78,4
DA:79,1
DA:92,3
DA:93,13
DA:104,2
DA:106,5
DA:113,13
DA:114,28
DA:127,22
DA:129,6
DA:130,4
DA:149,4
DA:151,6
DA:152,7
DA:153,2
DA:166,1
DA:167,5
DA:168,0
DA:170,5
DA:171,9
DA:173,6
DA:183,10
DA:184,17
DA:186,30
DA:188,14
DA:189,7
DA:190,8
DA:194,19
DA:198,14
DA:201,8
DA:206,38
DA:210,36
DA:221,2
DA:222,10
DA:223,9
DA:225,10
DA:236,1
DA:237,5
DA:238,0
DA:240,6
DA:258,1
DA:259,7
DA:280,6
DA:281,5
DA:282,0
DA:284,5
DA:285,9
DA:287,28
DA:288,4
DA:289,18
DA:301,1
DA:302,9
DA:303,4
DA:304,7
DA:305,8
DA:308,9
end_of_record

SF:/Users/nikolajparahin/Downloads/fuzzing_hw4/lib/openzeppelin-contracts/contracts/token/ERC20/IERC20.sol
end_of_record

SF:/Users/nikolajparahin/Downloads/fuzzing_hw4/lib/openzeppelin-contracts/contracts/token/ERC20/extensions/ERC20Burnable.sol
DA:20,1
DA:21,4
DA:35,11
DA:36,6
DA:37,5
end_of_record

SF:/Users/nikolajparahin/Downloads/fuzzing_hw4/lib/openzeppelin-contracts/contracts/token/ERC20/extensions/ERC20Pausable.sol
DA:30,1
DA:31,12
end_of_record

SF:/Users/nikolajparahin/Downloads/fuzzing_hw4/lib/openzeppelin-contracts/contracts/token/ERC20/extensions/ERC20Permit.sol
DA:22,1
DA:39,17
DA:44,11
DA:52,0
DA:53,7
DA:54,16
DA:57,33
DA:59,8
DA:61,8
DA:62,0
DA:63,0
DA:66,0
DA:72,12
DA:73,1
DA:80,8
DA:81,6
end_of_record

SF:/Users/nikolajparahin/Downloads/fuzzing_hw4/lib/openzeppelin-contracts/contracts/token/ERC20/extensions/IERC20Metadata.sol
end_of_record

SF:/Users/nikolajparahin/Downloads/fuzzing_hw4/lib/openzeppelin-contracts/contracts/token/ERC20/extensions/IERC20Permit.sol
end_of_record

SF:/Users/nikolajparahin/Downloads/fuzzing_hw4/lib/openzeppelin-contracts/contracts/utils/Context.sol
DA:17,1
DA:18,14
end_of_record

SF:/Users/nikolajparahin/Downloads/fuzzing_hw4/lib/openzeppelin-contracts/contracts/utils/Nonces.sol
DA:19,1
DA:20,12
DA:28,2
DA:33,19
end_of_record

SF:/Users/nikolajparahin/Downloads/fuzzing_hw4/lib/openzeppelin-contracts/contracts/utils/Panic.sol
DA:26,0
end_of_record

SF:/Users/nikolajparahin/Downloads/fuzzing_hw4/lib/openzeppelin-contracts/contracts/utils/Pausable.sol
DA:44,6
DA:55,12
DA:67,4
DA:74,4
DA:75,29
DA:81,2
DA:82,8
DA:83,14
DA:90,1
DA:91,2
DA:92,14
DA:103,1
DA:104,8
DA:105,2
DA:115,2
DA:116,6
DA:117,11
end_of_record

SF:/Users/nikolajparahin/Downloads/fuzzing_hw4/lib/openzeppelin-contracts/contracts/utils/ShortStrings.sol
DA:40,0
DA:42,1
DA:52,4
DA:53,4
DA:54,8
DA:55,0
DA:57,9
DA:63,3
DA:64,8
DA:66,24
DA:68,4
DA:69,7
DA:77,2
DA:78,3
DA:79,6
DA:80,0
DA:88,7
DA:89,8
DA:90,9
DA:92,0
DA:100,2
DA:101,4
DA:102,9
DA:104,0
end_of_record

SF:/Users/nikolajparahin/Downloads/fuzzing_hw4/lib/openzeppelin-contracts/contracts/utils/StorageSlot.sol
DA:34,0
end_of_record

SF:/Users/nikolajparahin/Downloads/fuzzing_hw4/lib/openzeppelin-contracts/contracts/utils/Strings.sol
DA:12,0
end_of_record

SF:/Users/nikolajparahin/Downloads/fuzzing_hw4/lib/openzeppelin-contracts/contracts/utils/cryptography/ECDSA.sol
DA:12,0
DA:128,11
DA:133,3
DA:143,7
DA:144,7
DA:148,40
DA:149,4
DA:150,8
DA:153,0
DA:160,2
DA:161,17
DA:162,5
DA:163,0
DA:169,1
DA:170,13
DA:172,13
DA:173,14
DA:174,13
DA:175,0
DA:176,12
DA:177,8
end_of_record

SF:/Users/nikolajparahin/Downloads/fuzzing_hw4/lib/openzeppelin-contracts/contracts/utils/cryptography/EIP712.sol
DA:38,1
DA:66,16
DA:67,8
DA:68,8
DA:69,12
DA:70,8
DA:72,3
DA:73,4
DA:74,3
DA:80,3
DA:81,16
DA:82,2
DA:84,0
DA:88,4
DA:89,32
DA:107,2
DA:108,6
DA:114,20
DA:119,1
DA:120,1
DA:121,1
DA:122,1
DA:123,1
DA:124,1
DA:125,1
DA:128,6
DA:130,4
DA:131,4
DA:132,2
DA:133,2
DA:134,2
DA:135,13
DA:146,2
DA:147,5
DA:157,2
DA:158,5
end_of_record

SF:/Users/nikolajparahin/Downloads/fuzzing_hw4/lib/openzeppelin-contracts/contracts/utils/cryptography/MessageHashUtils.sol
DA:15,0
DA:75,1
DA:77,2
DA:78,2
DA:79,7
DA:80,4
DA:81,4
end_of_record

SF:/Users/nikolajparahin/Downloads/fuzzing_hw4/lib/openzeppelin-contracts/contracts/utils/math/Math.sol
DA:12,0
end_of_record

SF:/Users/nikolajparahin/Downloads/fuzzing_hw4/lib/openzeppelin-contracts/contracts/utils/math/SafeCast.sol
DA:19,0
end_of_record

SF:/Users/nikolajparahin/Downloads/fuzzing_hw4/lib/openzeppelin-contracts/contracts/utils/math/SignedMath.sol
DA:11,0
end_of_record

SF:/Users/nikolajparahin/Downloads/fuzzing_hw4/lib/properties/contracts/ERC20/internal/properties/ERC20BasicProperties.sol
DA:15,5
DA:16,11
DA:17,0
DA:21,8
DA:22,26
DA:26,5
DA:27,27
DA:28,20
DA:32,5
DA:33,26
DA:37,5
DA:38,8
DA:39,10
DA:41,9
DA:42,27
DA:46,11
DA:47,8
DA:48,9
DA:49,19
DA:50,15
DA:52,8
DA:53,0
DA:57,17
DA:58,8
DA:59,9
DA:60,19
DA:61,15
DA:63,14
DA:64,0
DA:65,1
DA:69,11
DA:70,8
DA:71,10
DA:73,83
DA:74,27
DA:75,26
DA:79,11
DA:80,8
DA:81,8
DA:82,9
DA:83,19
DA:85,9
DA:86,0
DA:87,0
DA:88,0
DA:92,16
DA:93,8
DA:94,8
DA:95,10
DA:97,77
DA:98,28
DA:99,27
DA:100,27
DA:104,11
DA:105,8
DA:106,8
DA:107,10
DA:109,9
DA:110,28
DA:111,27
DA:112,26
DA:116,11
DA:117,8
DA:118,8
DA:119,9
DA:120,19
DA:122,10
DA:123,28
DA:124,27
DA:125,26
DA:129,11
DA:130,11
DA:131,8
DA:132,8
DA:133,10
DA:134,15
DA:136,60
DA:137,27
DA:138,32
DA:139,31
DA:143,11
DA:144,11
DA:145,11
DA:146,8
DA:147,8
DA:148,9
DA:149,19
DA:150,15
DA:152,7
DA:153,0
DA:154,0
DA:155,0
DA:159,11
DA:160,68
DA:161,28
DA:162,6
DA:166,15
DA:167,68
DA:168,28
DA:169,28
DA:171,68
DA:172,28
DA:173,33
DA:177,18
DA:178,21
DA:179,11
DA:180,8
DA:181,9
DA:182,19
DA:183,15
DA:185,61
DA:186,27
DA:189,4
DA:190,33
end_of_record

SF:/Users/nikolajparahin/Downloads/fuzzing_hw4/lib/properties/contracts/ERC20/internal/properties/ERC20BurnableProperties.sol
DA:9,8
DA:16,11
DA:17,7
DA:19,8
DA:20,15
DA:22,49
DA:23,32
DA:24,26
DA:28,11
DA:29,8
DA:30,9
DA:31,19
DA:32,1
DA:33,13
DA:35,50
DA:36,32
DA:37,6
DA:41,11
DA:42,8
DA:43,9
DA:44,19
DA:45,15
DA:47,50
DA:50,4
DA:51,12
end_of_record

SF:/Users/nikolajparahin/Downloads/fuzzing_hw4/lib/properties/contracts/ERC20/internal/properties/ERC20MintableProperties.sol
DA:18,11
DA:19,7
DA:20,3
DA:22,49
DA:23,32
DA:24,26
end_of_record

SF:/Users/nikolajparahin/Downloads/fuzzing_hw4/lib/properties/contracts/ERC20/internal/util/ERC20TestBase.sol
end_of_record

SF:/Users/nikolajparahin/Downloads/fuzzing_hw4/lib/properties/contracts/util/PropertiesConstants.sol
DA:5,2
DA:6,2
DA:7,2
DA:8,3
end_of_record

SF:/Users/nikolajparahin/Downloads/fuzzing_hw4/lib/properties/contracts/util/PropertiesHelper.sol
DA:16,1
DA:17,3
DA:18,17
DA:19,3
DA:24,1
DA:25,5
DA:26,8
DA:27,8
DA:28,30
DA:29,9
DA:112,1
DA:113,6
DA:114,8
DA:115,8
DA:116,30
DA:117,17
DA:118,3
DA:297,0
DA:308,4
DA:314,4
DA:317,3
DA:320,6
DA:323,3
DA:326,1
DA:331,3
DA:333,5
DA:337,7
DA:340,3
DA:343,2
DA:347,3
DA:350,4
DA:353,3
end_of_record

SF:/Users/nikolajparahin/Downloads/fuzzing_hw4/src/MyToken.sol
DA:11,0
DA:12,0
DA:14,1
DA:16,5
DA:17,3
DA:20,5
DA:21,3
DA:24,2
DA:25,10
DA:30,0
DA:37,0
DA:40,1
DA:43,1
DA:44,5
DA:45,0
DA:47,5
DA:50,1
DA:51,4
DA:52,0
DA:55,1
DA:59,1
DA:60,8
DA:61,8
DA:63,6
DA:66,2
DA:71,10
end_of_record

SF:/Users/nikolajparahin/Downloads/fuzzing_hw4/src/MyTokenInternal.sol
DA:11,355
DA:17,8
DA:18,4
DA:19,4
DA:20,4
DA:22,2
DA:25,18
DA:29,12
DA:32,4
DA:38,10
DA:41,13
DA:42,5
DA:43,6
DA:46,13
DA:50,1
DA:51,8
DA:52,8
DA:54,8
DA:57,13
DA:60,1
DA:61,5
DA:62,3
DA:64,7
DA:67,5
DA:72,13
end_of_record

