TN:
SF:/Users/nikolajparahin/Downloads/fuzzing_hw4/lib/openzeppelin-contracts/contracts/access/Ownable.sol
DA:1,0
DA:39,5
DA:40,0
DA:42,5
DA:49,20
DA:56,4
DA:57,20
DA:63,3
DA:64,7
DA:65,8
DA:76,5
DA:77,0
DA:84,11
DA:85,0
DA:86,0
DA:88,0
DA:95,4
DA:96,14
DA:97,12
DA:98,5
end_of_record

SF:/Users/nikolajparahin/Downloads/fuzzing_hw4/lib/openzeppelin-contracts/contracts/interfaces/IERC5267.sol
end_of_record

SF:/Users/nikolajparahin/Downloads/fuzzing_hw4/lib/openzeppelin-contracts/contracts/interfaces/draft-IERC6093.sol
end_of_record

SF:/Users/nikolajparahin/Downloads/fuzzing_hw4/lib/openzeppelin-contracts/contracts/token/ERC20/ERC20.sol
DA:45,32
DA:46,10
DA:47,7
DA:53,26
DA:54,73
DA:61,0
DA:62,0
DA:78,0
DA:79,0
DA:92,10
DA:93,13
DA:104,2
DA:106,5
DA:113,10
DA:114,53
DA:127,22
DA:129,6
DA:130,4
DA:149,4
DA:151,6
DA:152,7
DA:153,2
DA:166,1
DA:167,5
DA:168,0
DA:170,5
DA:171,9
DA:173,6
DA:183,10
DA:184,17
DA:186,30
DA:188,14
DA:189,7
DA:190,8
DA:194,19
DA:198,14
DA:201,8
DA:206,38
DA:210,36
DA:221,2
DA:222,10
DA:223,9
DA:225,10
DA:236,1
DA:237,5
DA:238,0
DA:240,6
DA:258,5
DA:259,8
DA:280,6
DA:281,5
DA:282,0
DA:284,5
DA:285,9
DA:287,28
DA:288,4
DA:289,18
DA:301,6
DA:302,1
DA:303,4
DA:304,7
DA:305,8
DA:308,10
end_of_record

SF:/Users/nikolajparahin/Downloads/fuzzing_hw4/lib/openzeppelin-contracts/contracts/token/ERC20/IERC20.sol
end_of_record

SF:/Users/nikolajparahin/Downloads/fuzzing_hw4/lib/openzeppelin-contracts/contracts/token/ERC20/extensions/ERC20Burnable.sol
DA:20,1
DA:21,4
DA:35,11
DA:36,6
DA:37,5
end_of_record

SF:/Users/nikolajparahin/Downloads/fuzzing_hw4/lib/openzeppelin-contracts/contracts/token/ERC20/extensions/ERC20Pausable.sol
DA:30,2
DA:31,12
end_of_record

SF:/Users/nikolajparahin/Downloads/fuzzing_hw4/lib/openzeppelin-contracts/contracts/token/ERC20/extensions/ERC20Permit.sol
DA:22,1
DA:39,17
DA:44,11
DA:52,0
DA:53,7
DA:54,16
DA:57,33
DA:59,8
DA:61,8
DA:62,0
DA:63,0
DA:66,0
DA:72,12
DA:73,1
DA:80,8
DA:81,6
end_of_record

SF:/Users/nikolajparahin/Downloads/fuzzing_hw4/lib/openzeppelin-contracts/contracts/token/ERC20/extensions/IERC20Metadata.sol
end_of_record

SF:/Users/nikolajparahin/Downloads/fuzzing_hw4/lib/openzeppelin-contracts/contracts/token/ERC20/extensions/IERC20Permit.sol
end_of_record

SF:/Users/nikolajparahin/Downloads/fuzzing_hw4/lib/openzeppelin-contracts/contracts/utils/Context.sol
DA:17,0
DA:18,11
end_of_record

SF:/Users/nikolajparahin/Downloads/fuzzing_hw4/lib/openzeppelin-contracts/contracts/utils/Nonces.sol
DA:19,1
DA:20,12
DA:28,2
DA:33,19
end_of_record

SF:/Users/nikolajparahin/Downloads/fuzzing_hw4/lib/openzeppelin-contracts/contracts/utils/Panic.sol
DA:26,0
end_of_record

SF:/Users/nikolajparahin/Downloads/fuzzing_hw4/lib/openzeppelin-contracts/contracts/utils/Pausable.sol
DA:44,6
DA:55,8
DA:67,0
DA:74,3
DA:75,12
DA:81,2
DA:82,6
DA:83,0
DA:90,0
DA:91,0
DA:92,0
DA:103,0
DA:104,0
DA:105,0
DA:115,0
DA:116,0
DA:117,0
end_of_record

SF:/Users/nikolajparahin/Downloads/fuzzing_hw4/lib/openzeppelin-contracts/contracts/utils/ShortStrings.sol
DA:40,0
DA:42,1
DA:52,4
DA:53,4
DA:54,8
DA:55,0
DA:57,9
DA:63,3
DA:64,8
DA:66,24
DA:68,4
DA:69,7
DA:77,2
DA:78,3
DA:79,6
DA:80,0
DA:88,7
DA:89,8
DA:90,9
DA:92,0
DA:100,2
DA:101,4
DA:102,9
DA:104,0
end_of_record

SF:/Users/nikolajparahin/Downloads/fuzzing_hw4/lib/openzeppelin-contracts/contracts/utils/StorageSlot.sol
DA:34,0
end_of_record

SF:/Users/nikolajparahin/Downloads/fuzzing_hw4/lib/openzeppelin-contracts/contracts/utils/Strings.sol
DA:12,0
end_of_record

SF:/Users/nikolajparahin/Downloads/fuzzing_hw4/lib/openzeppelin-contracts/contracts/utils/cryptography/ECDSA.sol
DA:12,0
DA:128,11
DA:133,3
DA:143,7
DA:144,7
DA:148,40
DA:149,4
DA:150,8
DA:153,0
DA:160,2
DA:161,17
DA:162,5
DA:163,0
DA:169,1
DA:170,13
DA:172,13
DA:173,14
DA:174,13
DA:175,0
DA:176,12
DA:177,8
end_of_record

SF:/Users/nikolajparahin/Downloads/fuzzing_hw4/lib/openzeppelin-contracts/contracts/utils/cryptography/EIP712.sol
DA:38,1
DA:66,16
DA:67,8
DA:68,8
DA:69,12
DA:70,8
DA:72,3
DA:73,4
DA:74,3
DA:80,3
DA:81,16
DA:82,2
DA:84,0
DA:88,4
DA:89,32
DA:107,2
DA:108,6
DA:114,20
DA:119,1
DA:120,1
DA:121,1
DA:122,1
DA:123,1
DA:124,1
DA:125,1
DA:128,6
DA:130,4
DA:131,4
DA:132,2
DA:133,2
DA:134,2
DA:135,13
DA:146,2
DA:147,5
DA:157,2
DA:158,5
end_of_record

SF:/Users/nikolajparahin/Downloads/fuzzing_hw4/lib/openzeppelin-contracts/contracts/utils/cryptography/MessageHashUtils.sol
DA:15,0
DA:75,1
DA:77,2
DA:78,2
DA:79,7
DA:80,4
DA:81,4
end_of_record

SF:/Users/nikolajparahin/Downloads/fuzzing_hw4/lib/openzeppelin-contracts/contracts/utils/math/Math.sol
DA:12,0
end_of_record

SF:/Users/nikolajparahin/Downloads/fuzzing_hw4/lib/openzeppelin-contracts/contracts/utils/math/SafeCast.sol
DA:19,0
end_of_record

SF:/Users/nikolajparahin/Downloads/fuzzing_hw4/lib/openzeppelin-contracts/contracts/utils/math/SignedMath.sol
DA:11,0
end_of_record

SF:/Users/nikolajparahin/Downloads/fuzzing_hw4/lib/properties/contracts/ERC20/external/properties/ERC20ExternalBasicProperties.sol
DA:14,5
DA:15,75
DA:16,0
DA:20,8
DA:21,147
DA:25,5
DA:26,258
DA:27,88
DA:31,5
DA:32,82
DA:36,8
DA:37,63
DA:38,6
DA:40,71
DA:41,28
DA:45,17
DA:46,63
DA:47,72
DA:48,19
DA:49,16
DA:51,62
DA:52,1
DA:56,11
DA:57,63
DA:58,72
DA:59,19
DA:60,14
DA:62,85
DA:63,28
DA:64,83
DA:68,11
DA:69,63
DA:70,6
DA:72,83
DA:73,27
DA:74,83
DA:78,11
DA:79,63
DA:80,62
DA:81,72
DA:82,19
DA:84,56
DA:85,0
DA:86,0
DA:87,0
DA:91,11
DA:92,63
DA:93,62
DA:94,6
DA:96,85
DA:97,28
DA:98,81
DA:99,79
DA:103,11
DA:104,63
DA:105,62
DA:106,6
DA:108,71
DA:109,28
DA:110,81
DA:111,79
DA:115,11
DA:116,63
DA:117,62
DA:118,72
DA:119,19
DA:121,81
DA:122,28
DA:123,81
DA:124,79
DA:128,18
DA:129,11
DA:130,63
DA:131,62
DA:132,6
DA:133,17
DA:135,71
DA:136,27
DA:137,86
DA:138,85
DA:142,19
DA:143,11
DA:144,11
DA:145,63
DA:146,62
DA:147,72
DA:148,19
DA:149,17
DA:151,81
DA:152,27
DA:153,86
DA:154,85
DA:158,11
DA:159,79
DA:160,28
DA:161,22
DA:165,15
DA:166,79
DA:167,28
DA:168,88
DA:170,76
DA:171,28
DA:172,93
DA:176,11
DA:177,21
DA:178,11
DA:179,63
DA:180,72
DA:181,19
DA:182,17
DA:184,73
DA:185,27
DA:188,4
DA:189,72
end_of_record

SF:/Users/nikolajparahin/Downloads/fuzzing_hw4/lib/properties/contracts/ERC20/external/properties/ERC20ExternalBurnableProperties.sol
DA:15,11
DA:16,63
DA:17,70
DA:18,6
DA:19,15
DA:21,39
DA:22,88
DA:23,91
DA:27,11
DA:28,63
DA:29,72
DA:30,19
DA:31,69
DA:32,17
DA:34,45
DA:35,88
DA:36,91
DA:40,16
DA:41,63
DA:42,72
DA:43,19
DA:44,17
DA:46,49
DA:49,4
DA:50,93
end_of_record

SF:/Users/nikolajparahin/Downloads/fuzzing_hw4/lib/properties/contracts/ERC20/external/properties/ERC20ExternalMintableProperties.sol
DA:15,11
DA:16,62
DA:17,70
DA:19,55
DA:20,87
DA:21,91
end_of_record

SF:/Users/nikolajparahin/Downloads/fuzzing_hw4/lib/properties/contracts/ERC20/external/util/ERC20ExternalTestBase.sol
end_of_record

SF:/Users/nikolajparahin/Downloads/fuzzing_hw4/lib/properties/contracts/ERC20/external/util/ITokenMock.sol
end_of_record

SF:/Users/nikolajparahin/Downloads/fuzzing_hw4/lib/properties/contracts/util/IERC20.sol
end_of_record

SF:/Users/nikolajparahin/Downloads/fuzzing_hw4/lib/properties/contracts/util/PropertiesConstants.sol
DA:5,1
DA:6,1
DA:7,1
DA:8,4
end_of_record

SF:/Users/nikolajparahin/Downloads/fuzzing_hw4/lib/properties/contracts/util/PropertiesHelper.sol
DA:16,1
DA:17,3
DA:18,17
DA:19,3
DA:24,1
DA:25,5
DA:26,8
DA:27,8
DA:28,30
DA:29,9
DA:112,1
DA:113,6
DA:114,8
DA:115,8
DA:116,30
DA:117,17
DA:118,3
DA:297,0
DA:308,4
DA:314,4
DA:317,3
DA:320,6
DA:323,3
DA:326,1
DA:331,3
DA:333,5
DA:337,7
DA:340,3
DA:343,2
DA:347,3
DA:350,4
DA:353,3
end_of_record

SF:/Users/nikolajparahin/Downloads/fuzzing_hw4/src/MyToken.sol
DA:11,0
DA:12,0
DA:14,1
DA:16,5
DA:17,0
DA:20,8
DA:21,1
DA:24,18
DA:25,12
DA:30,5
DA:37,2
DA:40,13
DA:43,1
DA:44,5
DA:45,3
DA:47,7
DA:50,13
DA:51,5
DA:52,6
DA:55,13
DA:59,1
DA:60,8
DA:61,8
DA:63,8
DA:66,5
DA:71,13
end_of_record

SF:/Users/nikolajparahin/Downloads/fuzzing_hw4/src/MyTokenExternal.sol
DA:12,185
DA:17,7
DA:18,36
DA:22,215
DA:23,9
DA:24,6
DA:26,8
DA:27,5
DA:28,4
DA:29,4
DA:30,5
DA:32,2
DA:33,8
end_of_record

