TN:
SF:/Users/nikolajparahin/Downloads/fuzzing_hw4/src/MyToken.sol
DA:1,0
DA:11,0
DA:12,1
DA:14,1
DA:16,5
DA:17,0
DA:20,5
DA:21,0
DA:24,27
DA:25,16
DA:30,26
DA:35,2
DA:37,6
DA:40,42
DA:43,1
DA:44,10
DA:45,5
DA:47,8
DA:50,22
DA:51,5
DA:52,6
DA:55,41
DA:59,1
DA:60,10
DA:61,10
DA:63,9
DA:66,10
DA:71,18
end_of_record

SF:/Users/nikolajparahin/Downloads/fuzzing_hw4/src/MyTokenExternal.sol
DA:12,168
DA:17,7
DA:18,43
DA:22,201
DA:23,34
DA:24,26
DA:26,8
DA:27,8
DA:28,8
DA:29,8
DA:30,9
DA:32,13
DA:33,21
end_of_record

SF:/Users/nikolajparahin/Downloads/fuzzing_hw4/src/lib/openzeppelin-contracts/contracts/access/Ownable.sol
DA:38,1
DA:39,10
DA:40,0
DA:42,9
DA:49,24
DA:56,8
DA:57,26
DA:63,4
DA:64,40
DA:65,25
DA:76,5
DA:77,0
DA:84,18
DA:85,0
DA:86,0
DA:88,0
DA:95,4
DA:96,14
DA:97,21
DA:98,16
end_of_record

SF:/Users/nikolajparahin/Downloads/fuzzing_hw4/src/lib/openzeppelin-contracts/contracts/interfaces/IERC5267.sol
end_of_record

SF:/Users/nikolajparahin/Downloads/fuzzing_hw4/src/lib/openzeppelin-contracts/contracts/interfaces/draft-IERC6093.sol
end_of_record

SF:/Users/nikolajparahin/Downloads/fuzzing_hw4/src/lib/openzeppelin-contracts/contracts/token/ERC20/ERC20.sol
DA:45,36
DA:46,11
DA:47,11
DA:53,24
DA:54,73
DA:61,0
DA:62,0
DA:78,0
DA:79,0
DA:92,40
DA:93,21
DA:104,7
DA:105,7
DA:106,7
DA:107,4
DA:113,40
DA:114,38
DA:127,41
DA:128,7
DA:129,7
DA:130,4
DA:149,8
DA:150,7
DA:151,7
DA:152,7
DA:153,4
DA:166,5
DA:167,10
DA:168,0
DA:170,10
DA:171,21
DA:173,7
DA:183,10
DA:184,25
DA:186,38
DA:187,1
DA:188,22
DA:189,7
DA:190,26
DA:194,25
DA:198,24
DA:201,14
DA:206,62
DA:210,46
DA:221,8
DA:222,20
DA:223,21
DA:225,18
DA:236,4
DA:237,10
DA:238,0
DA:240,7
DA:258,5
DA:259,8
DA:280,6
DA:281,10
DA:282,0
DA:284,10
DA:285,22
DA:287,40
DA:288,5
DA:289,23
DA:301,6
DA:302,9
DA:303,6
DA:304,7
DA:305,26
DA:308,10
end_of_record

SF:/Users/nikolajparahin/Downloads/fuzzing_hw4/src/lib/openzeppelin-contracts/contracts/token/ERC20/IERC20.sol
end_of_record

SF:/Users/nikolajparahin/Downloads/fuzzing_hw4/src/lib/openzeppelin-contracts/contracts/token/ERC20/extensions/ERC20Burnable.sol
DA:20,3
DA:21,9
DA:35,23
DA:36,10
DA:37,6
end_of_record

SF:/Users/nikolajparahin/Downloads/fuzzing_hw4/src/lib/openzeppelin-contracts/contracts/token/ERC20/extensions/ERC20Pausable.sol
DA:30,10
DA:31,18
end_of_record

SF:/Users/nikolajparahin/Downloads/fuzzing_hw4/src/lib/openzeppelin-contracts/contracts/token/ERC20/extensions/ERC20Permit.sol
DA:22,1
DA:39,19
DA:44,18
DA:52,0
DA:53,7
DA:54,22
DA:57,45
DA:59,8
DA:61,8
DA:62,0
DA:63,0
DA:66,0
DA:72,40
DA:73,7
DA:80,0
DA:81,0
end_of_record

SF:/Users/nikolajparahin/Downloads/fuzzing_hw4/src/lib/openzeppelin-contracts/contracts/token/ERC20/extensions/IERC20Metadata.sol
end_of_record

SF:/Users/nikolajparahin/Downloads/fuzzing_hw4/src/lib/openzeppelin-contracts/contracts/token/ERC20/extensions/IERC20Permit.sol
end_of_record

SF:/Users/nikolajparahin/Downloads/fuzzing_hw4/src/lib/openzeppelin-contracts/contracts/utils/Context.sol
DA:17,8
DA:18,6
end_of_record

SF:/Users/nikolajparahin/Downloads/fuzzing_hw4/src/lib/openzeppelin-contracts/contracts/utils/Nonces.sol
DA:19,6
DA:20,21
DA:28,6
DA:33,33
end_of_record

SF:/Users/nikolajparahin/Downloads/fuzzing_hw4/src/lib/openzeppelin-contracts/contracts/utils/Panic.sol
DA:26,0
end_of_record

SF:/Users/nikolajparahin/Downloads/fuzzing_hw4/src/lib/openzeppelin-contracts/contracts/utils/Pausable.sol
DA:44,21
DA:55,12
DA:67,0
DA:74,29
DA:75,26
DA:81,4
DA:82,20
DA:83,0
DA:90,0
DA:91,0
DA:92,0
DA:103,0
DA:104,0
DA:105,0
DA:115,0
DA:116,0
DA:117,0
end_of_record

SF:/Users/nikolajparahin/Downloads/fuzzing_hw4/src/lib/openzeppelin-contracts/contracts/utils/ShortStrings.sol
DA:40,0
DA:42,1
DA:52,6
DA:53,4
DA:54,8
DA:55,0
DA:57,16
DA:63,6
DA:64,8
DA:66,53
DA:68,3
DA:69,5
DA:71,5
DA:77,6
DA:78,8
DA:79,7
DA:80,0
DA:82,4
DA:88,8
DA:89,7
DA:90,13
DA:92,0
DA:93,0
DA:100,8
DA:101,6
DA:102,9
DA:104,0
end_of_record

SF:/Users/nikolajparahin/Downloads/fuzzing_hw4/src/lib/openzeppelin-contracts/contracts/utils/StorageSlot.sol
DA:34,0
DA:120,0
DA:122,0
end_of_record

SF:/Users/nikolajparahin/Downloads/fuzzing_hw4/src/lib/openzeppelin-contracts/contracts/utils/Strings.sol
DA:12,0
end_of_record

SF:/Users/nikolajparahin/Downloads/fuzzing_hw4/src/lib/openzeppelin-contracts/contracts/utils/cryptography/ECDSA.sol
DA:12,0
DA:128,11
DA:133,3
DA:143,9
DA:144,11
DA:148,56
DA:149,9
DA:150,14
DA:153,0
DA:160,2
DA:161,17
DA:162,5
DA:163,0
DA:169,1
DA:170,19
DA:171,1
DA:172,20
DA:173,15
DA:174,20
DA:175,0
DA:176,19
DA:177,22
end_of_record

SF:/Users/nikolajparahin/Downloads/fuzzing_hw4/src/lib/openzeppelin-contracts/contracts/utils/cryptography/EIP712.sol
DA:38,1
DA:66,19
DA:67,19
DA:68,19
DA:69,13
DA:70,13
DA:72,7
DA:73,14
DA:74,11
DA:80,5
DA:81,19
DA:82,5
DA:84,0
DA:88,4
DA:89,40
DA:107,6
DA:108,11
DA:114,35
DA:119,1
DA:120,1
DA:121,1
DA:122,1
DA:123,1
DA:124,1
DA:125,1
DA:128,21
DA:130,4
DA:131,4
DA:132,1
DA:133,1
DA:134,3
DA:135,29
DA:146,4
DA:147,13
DA:157,4
DA:158,13
end_of_record

SF:/Users/nikolajparahin/Downloads/fuzzing_hw4/src/lib/openzeppelin-contracts/contracts/utils/cryptography/MessageHashUtils.sol
DA:15,0
DA:75,7
DA:76,1
DA:77,2
DA:78,3
DA:79,5
DA:80,5
DA:81,5
end_of_record

SF:/Users/nikolajparahin/Downloads/fuzzing_hw4/src/lib/openzeppelin-contracts/contracts/utils/math/Math.sol
DA:12,0
end_of_record

SF:/Users/nikolajparahin/Downloads/fuzzing_hw4/src/lib/openzeppelin-contracts/contracts/utils/math/SafeCast.sol
DA:19,0
end_of_record

SF:/Users/nikolajparahin/Downloads/fuzzing_hw4/src/lib/openzeppelin-contracts/contracts/utils/math/SignedMath.sol
DA:11,0
end_of_record

SF:/Users/nikolajparahin/Downloads/fuzzing_hw4/src/lib/properties/contracts/ERC20/external/properties/ERC20ExternalBasicProperties.sol
DA:14,5
DA:15,77
DA:16,0
DA:20,5
DA:21,165
DA:25,5
DA:26,322
DA:27,90
DA:31,8
DA:32,98
DA:36,10
DA:37,79
DA:38,6
DA:40,82
DA:41,28
DA:45,18
DA:46,79
DA:47,81
DA:48,19
DA:49,15
DA:51,75
DA:52,0
DA:56,26
DA:57,79
DA:58,81
DA:59,19
DA:60,13
DA:62,98
DA:63,28
DA:64,98
DA:68,24
DA:69,79
DA:70,6
DA:72,96
DA:73,28
DA:74,98
DA:78,18
DA:79,79
DA:80,79
DA:81,81
DA:82,19
DA:84,68
DA:85,0
DA:86,0
DA:87,0
DA:91,25
DA:92,79
DA:93,79
DA:94,6
DA:96,97
DA:97,28
DA:98,98
DA:99,98
DA:103,25
DA:104,79
DA:105,79
DA:106,6
DA:108,82
DA:109,28
DA:110,98
DA:111,98
DA:115,26
DA:116,79
DA:117,79
DA:118,81
DA:119,19
DA:121,92
DA:122,28
DA:123,98
DA:124,98
DA:128,27
DA:129,14
DA:130,79
DA:131,79
DA:132,6
DA:133,18
DA:135,82
DA:136,28
DA:137,105
DA:138,105
DA:142,28
DA:143,14
DA:144,14
DA:145,79
DA:146,79
DA:147,81
DA:148,19
DA:149,18
DA:151,84
DA:152,28
DA:153,105
DA:154,105
DA:158,24
DA:159,90
DA:160,28
DA:161,100
DA:165,24
DA:166,90
DA:167,28
DA:168,100
DA:170,88
DA:171,28
DA:172,107
DA:176,27
DA:177,29
DA:178,14
DA:179,79
DA:180,81
DA:181,19
DA:182,18
DA:184,84
DA:185,28
DA:188,6
DA:189,107
end_of_record

SF:/Users/nikolajparahin/Downloads/fuzzing_hw4/src/lib/properties/contracts/ERC20/external/properties/ERC20ExternalBurnableProperties.sol
DA:15,25
DA:16,79
DA:17,72
DA:18,6
DA:19,18
DA:21,62
DA:22,105
DA:23,98
DA:27,18
DA:28,79
DA:29,81
DA:30,19
DA:31,72
DA:32,18
DA:34,64
DA:35,105
DA:36,77
DA:40,25
DA:41,79
DA:42,81
DA:43,19
DA:44,18
DA:46,64
DA:49,6
DA:50,107
end_of_record

SF:/Users/nikolajparahin/Downloads/fuzzing_hw4/src/lib/properties/contracts/ERC20/external/properties/ERC20ExternalMintableProperties.sol
DA:15,25
DA:16,79
DA:17,72
DA:19,72
DA:20,105
DA:21,98
end_of_record

SF:/Users/nikolajparahin/Downloads/fuzzing_hw4/src/lib/properties/contracts/ERC20/external/util/ERC20ExternalTestBase.sol
end_of_record

SF:/Users/nikolajparahin/Downloads/fuzzing_hw4/src/lib/properties/contracts/ERC20/external/util/ITokenMock.sol
end_of_record

SF:/Users/nikolajparahin/Downloads/fuzzing_hw4/src/lib/properties/contracts/util/IERC20.sol
end_of_record

SF:/Users/nikolajparahin/Downloads/fuzzing_hw4/src/lib/properties/contracts/util/PropertiesConstants.sol
DA:5,1
DA:6,1
DA:7,1
DA:8,4
end_of_record

SF:/Users/nikolajparahin/Downloads/fuzzing_hw4/src/lib/properties/contracts/util/PropertiesHelper.sol
DA:16,4
DA:17,4
DA:18,17
DA:19,6
DA:24,5
DA:25,6
DA:26,8
DA:27,8
DA:28,30
DA:29,17
DA:30,6
DA:112,1
DA:113,6
DA:114,8
DA:115,8
DA:116,30
DA:117,17
DA:118,6
DA:297,0
DA:308,6
DA:310,3
DA:314,4
DA:317,3
DA:320,5
DA:323,3
DA:326,1
DA:331,9
DA:333,5
DA:337,7
DA:340,5
DA:343,2
DA:347,3
DA:350,5
DA:353,3
end_of_record

