TN:
SF:/Users/nikolajparahin/Downloads/fuzzing_hw4/lib/openzeppelin-contracts/contracts/access/Ownable.sol
DA:39,2
DA:40,0
DA:42,2
DA:49,8
DA:57,28
DA:64,4
DA:65,0
DA:77,2
DA:85,2
DA:86,0
DA:88,2
DA:96,28
DA:97,24
DA:98,10
FN:56,owner
FNDA:1,owner
FN:63,_checkOwner
FNDA:1,_checkOwner
FN:76,renounceOwnership
FNDA:1,renounceOwnership
FN:84,transferOwnership
FNDA:1,transferOwnership
FN:95,_transferOwnership
FNDA:1,_transferOwnership
end_of_record
SF:/Users/nikolajparahin/Downloads/fuzzing_hw4/lib/openzeppelin-contracts/contracts/interfaces/IERC5267.sol
end_of_record
SF:/Users/nikolajparahin/Downloads/fuzzing_hw4/lib/openzeppelin-contracts/contracts/interfaces/draft-IERC6093.sol
end_of_record
SF:/Users/nikolajparahin/Downloads/fuzzing_hw4/lib/openzeppelin-contracts/contracts/token/ERC20/ERC20.sol
DA:46,2
DA:47,3
DA:53,0
DA:54,0
DA:61,0
DA:62,0
DA:79,0
DA:92,1
DA:93,13
DA:104,1
DA:106,3
DA:113,2
DA:114,2
DA:127,1
DA:129,3
DA:130,1
DA:149,1
DA:151,3
DA:152,4
DA:153,2
DA:167,2
DA:168,0
DA:170,2
DA:171,0
DA:173,4
DA:184,8
DA:186,12
DA:188,14
DA:189,3
DA:190,0
DA:194,5
DA:198,8
DA:201,1
DA:206,4
DA:210,12
DA:222,8
DA:223,0
DA:225,13
DA:237,2
DA:238,0
DA:240,4
DA:259,5
DA:281,2
DA:282,0
DA:284,2
DA:285,0
DA:287,1
DA:289,3
DA:302,4
DA:303,1
DA:304,2
DA:305,0
DA:308,6
FN:53,name
FNDA:0,name
FN:61,symbol
FNDA:0,symbol
FN:78,decimals
FNDA:0,decimals
FN:85,totalSupply
FNDA:0,totalSupply
FN:92,balanceOf
FNDA:1,balanceOf
FN:104,transfer
FNDA:1,transfer
FN:113,allowance
FNDA:1,allowance
FN:127,approve
FNDA:1,approve
FN:149,transferFrom
FNDA:1,transferFrom
FN:166,_transfer
FNDA:1,_transfer
FN:183,_update
FNDA:1,_update
FN:221,_mint
FNDA:1,_mint
FN:236,_burn
FNDA:1,_burn
FN:258,_approve
FNDA:1,_approve
FN:280,_approve
FNDA:1,_approve
FN:301,_spendAllowance
FNDA:1,_spendAllowance
end_of_record
SF:/Users/nikolajparahin/Downloads/fuzzing_hw4/lib/openzeppelin-contracts/contracts/token/ERC20/IERC20.sol
end_of_record
SF:/Users/nikolajparahin/Downloads/fuzzing_hw4/lib/openzeppelin-contracts/contracts/token/ERC20/extensions/ERC20Burnable.sol
DA:21,2
DA:36,3
DA:37,3
FN:20,burn
FNDA:1,burn
FN:35,burnFrom
FNDA:1,burnFrom
end_of_record
SF:/Users/nikolajparahin/Downloads/fuzzing_hw4/lib/openzeppelin-contracts/contracts/token/ERC20/extensions/ERC20Pausable.sol
DA:31,16
FN:30,_update
FNDA:1,_update
end_of_record
SF:/Users/nikolajparahin/Downloads/fuzzing_hw4/lib/openzeppelin-contracts/contracts/token/ERC20/extensions/ERC20Permit.sol
DA:22,0
DA:39,1
DA:53,0
DA:54,0
DA:57,0
DA:59,0
DA:61,0
DA:62,0
DA:63,0
DA:66,0
DA:72,0
DA:73,0
DA:80,0
DA:81,0
FN:44,permit
FNDA:0,permit
FN:72,nonces
FNDA:0,nonces
FN:80,DOMAIN_SEPARATOR
FNDA:0,DOMAIN_SEPARATOR
end_of_record
SF:/Users/nikolajparahin/Downloads/fuzzing_hw4/lib/openzeppelin-contracts/contracts/token/ERC20/extensions/IERC20Metadata.sol
end_of_record
SF:/Users/nikolajparahin/Downloads/fuzzing_hw4/lib/openzeppelin-contracts/contracts/token/ERC20/extensions/IERC20Permit.sol
end_of_record
SF:/Users/nikolajparahin/Downloads/fuzzing_hw4/lib/openzeppelin-contracts/contracts/utils/Context.sol
DA:18,15
FN:17,_msgSender
FNDA:1,_msgSender
FN:21,_msgData
FNDA:0,_msgData
FN:25,_contextSuffixLength
FNDA:0,_contextSuffixLength
end_of_record
SF:/Users/nikolajparahin/Downloads/fuzzing_hw4/lib/openzeppelin-contracts/contracts/utils/Nonces.sol
DA:20,0
DA:28,0
DA:33,0
FN:19,nonces
FNDA:0,nonces
FN:28,_useNonce
FNDA:0,_useNonce
FN:40,_useCheckedNonce
FNDA:0,_useCheckedNonce
end_of_record
SF:/Users/nikolajparahin/Downloads/fuzzing_hw4/lib/openzeppelin-contracts/contracts/utils/Panic.sol
DA:26,0
FN:50,panic
FNDA:0,panic
end_of_record
SF:/Users/nikolajparahin/Downloads/fuzzing_hw4/lib/openzeppelin-contracts/contracts/utils/Pausable.sol
DA:44,1
DA:55,5
DA:67,1
DA:75,38
DA:82,6
DA:83,0
DA:92,0
DA:104,1
DA:105,1
DA:116,1
DA:117,1
FN:74,paused
FNDA:1,paused
FN:81,_requireNotPaused
FNDA:1,_requireNotPaused
FN:90,_requirePaused
FNDA:0,_requirePaused
FN:103,_pause
FNDA:1,_pause
FN:115,_unpause
FNDA:1,_unpause
end_of_record
SF:/Users/nikolajparahin/Downloads/fuzzing_hw4/lib/openzeppelin-contracts/contracts/utils/ShortStrings.sol
DA:40,0
DA:42,0
DA:52,2
DA:53,4
DA:54,4
DA:55,0
DA:57,10
DA:63,0
DA:64,0
DA:66,0
DA:68,0
DA:69,0
DA:77,0
DA:78,0
DA:79,0
DA:80,0
DA:88,2
DA:89,4
DA:90,4
DA:92,0
DA:100,0
DA:101,0
DA:102,0
DA:104,0
FN:52,toShortString
FNDA:1,toShortString
FN:63,toString
FNDA:0,toString
FN:77,byteLength
FNDA:0,byteLength
FN:88,toShortStringWithFallback
FNDA:1,toShortStringWithFallback
FN:100,toStringWithFallback
FNDA:0,toStringWithFallback
FN:115,byteLengthWithFallback
FNDA:0,byteLengthWithFallback
end_of_record
SF:/Users/nikolajparahin/Downloads/fuzzing_hw4/lib/openzeppelin-contracts/contracts/utils/StorageSlot.sol
DA:34,0
FN:66,getAddressSlot
FNDA:0,getAddressSlot
FN:75,getBooleanSlot
FNDA:0,getBooleanSlot
FN:84,getBytes32Slot
FNDA:0,getBytes32Slot
FN:93,getUint256Slot
FNDA:0,getUint256Slot
FN:102,getInt256Slot
FNDA:0,getInt256Slot
FN:111,getStringSlot
FNDA:0,getStringSlot
FN:120,getStringSlot
FNDA:0,getStringSlot
FN:129,getBytesSlot
FNDA:0,getBytesSlot
FN:138,getBytesSlot
FNDA:0,getBytesSlot
end_of_record
SF:/Users/nikolajparahin/Downloads/fuzzing_hw4/lib/openzeppelin-contracts/contracts/utils/Strings.sol
DA:12,0
FN:24,toString
FNDA:0,toString
FN:47,toStringSigned
FNDA:0,toStringSigned
FN:54,toHexString
FNDA:0,toHexString
FN:63,toHexString
FNDA:0,toHexString
FN:82,toHexString
FNDA:0,toHexString
FN:90,toChecksumHexString
FNDA:0,toChecksumHexString
FN:113,equal
FNDA:0,equal
end_of_record
SF:/Users/nikolajparahin/Downloads/fuzzing_hw4/lib/openzeppelin-contracts/contracts/utils/cryptography/ECDSA.sol
DA:12,0
DA:133,0
DA:143,0
DA:144,0
DA:148,0
DA:149,0
DA:150,0
DA:153,0
DA:160,0
DA:161,0
DA:162,0
DA:163,0
DA:170,0
DA:172,0
DA:173,0
DA:174,0
DA:175,0
DA:176,0
DA:177,0
FN:56,tryRecover
FNDA:0,tryRecover
FN:91,recover
FNDA:0,recover
FN:102,tryRecover
FNDA:0,tryRecover
FN:118,recover
FNDA:0,recover
FN:128,tryRecover
FNDA:0,tryRecover
FN:160,recover
FNDA:0,recover
FN:169,_throwError
FNDA:0,_throwError
end_of_record
SF:/Users/nikolajparahin/Downloads/fuzzing_hw4/lib/openzeppelin-contracts/contracts/utils/cryptography/EIP712.sol
DA:38,1
DA:67,2
DA:68,2
DA:69,10
DA:70,6
DA:72,1
DA:73,2
DA:74,1
DA:80,0
DA:81,0
DA:82,0
DA:84,0
DA:88,2
DA:89,6
DA:107,0
DA:108,0
DA:119,0
DA:120,0
DA:121,0
DA:122,0
DA:123,0
DA:124,0
DA:125,0
DA:130,0
DA:131,0
DA:132,0
DA:133,0
DA:134,0
DA:135,0
DA:146,0
DA:147,0
DA:157,0
DA:158,0
FN:80,_domainSeparatorV4
FNDA:0,_domainSeparatorV4
FN:88,_buildDomainSeparator
FNDA:1,_buildDomainSeparator
FN:107,_hashTypedDataV4
FNDA:0,_hashTypedDataV4
FN:114,eip712Domain
FNDA:0,eip712Domain
FN:146,_EIP712Name
FNDA:0,_EIP712Name
FN:157,_EIP712Version
FNDA:0,_EIP712Version
end_of_record
SF:/Users/nikolajparahin/Downloads/fuzzing_hw4/lib/openzeppelin-contracts/contracts/utils/cryptography/MessageHashUtils.sol
DA:15,0
DA:77,0
DA:78,0
DA:79,0
DA:80,0
DA:81,0
FN:30,toEthSignedMessageHash
FNDA:0,toEthSignedMessageHash
FN:48,toEthSignedMessageHash
FNDA:0,toEthSignedMessageHash
FN:62,toDataWithIntendedValidatorHash
FNDA:0,toDataWithIntendedValidatorHash
FN:75,toTypedDataHash
FNDA:0,toTypedDataHash
end_of_record
SF:/Users/nikolajparahin/Downloads/fuzzing_hw4/lib/openzeppelin-contracts/contracts/utils/math/Math.sol
DA:12,0
FN:23,tryAdd
FNDA:0,tryAdd
FN:34,trySub
FNDA:0,trySub
FN:44,tryMul
FNDA:0,tryMul
FN:59,tryDiv
FNDA:0,tryDiv
FN:69,tryMod
FNDA:0,tryMod
FN:83,ternary
FNDA:0,ternary
FN:95,max
FNDA:0,max
FN:102,min
FNDA:0,min
FN:110,average
FNDA:0,average
FN:121,ceilDiv
FNDA:0,ceilDiv
FN:144,mulDiv
FNDA:0,mulDiv
FN:228,mulDiv
FNDA:0,mulDiv
FN:243,invMod
FNDA:0,invMod
FN:300,invModPrime
FNDA:0,invModPrime
FN:319,modExp
FNDA:0,modExp
FN:337,tryModExp
FNDA:0,tryModExp
FN:366,modExp
FNDA:0,modExp
FN:377,tryModExp
FNDA:0,tryModExp
FN:404,_zeroBytes
FNDA:0,_zeroBytes
FN:420,sqrt
FNDA:0,sqrt
FN:529,sqrt
FNDA:0,sqrt
FN:540,log2
FNDA:0,log2
FN:581,log2
FNDA:0,log2
FN:592,log10
FNDA:0,log10
FN:630,log10
FNDA:0,log10
FN:643,log256
FNDA:0,log256
FN:672,log256
FNDA:0,log256
FN:682,unsignedRoundsUp
FNDA:0,unsignedRoundsUp
end_of_record
SF:/Users/nikolajparahin/Downloads/fuzzing_hw4/lib/openzeppelin-contracts/contracts/utils/math/SafeCast.sol
DA:19,0
FN:50,toUint248
FNDA:0,toUint248
FN:67,toUint240
FNDA:0,toUint240
FN:84,toUint232
FNDA:0,toUint232
FN:101,toUint224
FNDA:0,toUint224
FN:118,toUint216
FNDA:0,toUint216
FN:135,toUint208
FNDA:0,toUint208
FN:152,toUint200
FNDA:0,toUint200
FN:169,toUint192
FNDA:0,toUint192
FN:186,toUint184
FNDA:0,toUint184
FN:203,toUint176
FNDA:0,toUint176
FN:220,toUint168
FNDA:0,toUint168
FN:237,toUint160
FNDA:0,toUint160
FN:254,toUint152
FNDA:0,toUint152
FN:271,toUint144
FNDA:0,toUint144
FN:288,toUint136
FNDA:0,toUint136
FN:305,toUint128
FNDA:0,toUint128
FN:322,toUint120
FNDA:0,toUint120
FN:339,toUint112
FNDA:0,toUint112
FN:356,toUint104
FNDA:0,toUint104
FN:373,toUint96
FNDA:0,toUint96
FN:390,toUint88
FNDA:0,toUint88
FN:407,toUint80
FNDA:0,toUint80
FN:424,toUint72
FNDA:0,toUint72
FN:441,toUint64
FNDA:0,toUint64
FN:458,toUint56
FNDA:0,toUint56
FN:475,toUint48
FNDA:0,toUint48
FN:492,toUint40
FNDA:0,toUint40
FN:509,toUint32
FNDA:0,toUint32
FN:526,toUint24
FNDA:0,toUint24
FN:543,toUint16
FNDA:0,toUint16
FN:560,toUint8
FNDA:0,toUint8
FN:574,toUint256
FNDA:0,toUint256
FN:592,toInt248
FNDA:0,toInt248
FN:610,toInt240
FNDA:0,toInt240
FN:628,toInt232
FNDA:0,toInt232
FN:646,toInt224
FNDA:0,toInt224
FN:664,toInt216
FNDA:0,toInt216
FN:682,toInt208
FNDA:0,toInt208
FN:700,toInt200
FNDA:0,toInt200
FN:718,toInt192
FNDA:0,toInt192
FN:736,toInt184
FNDA:0,toInt184
FN:754,toInt176
FNDA:0,toInt176
FN:772,toInt168
FNDA:0,toInt168
FN:790,toInt160
FNDA:0,toInt160
FN:808,toInt152
FNDA:0,toInt152
FN:826,toInt144
FNDA:0,toInt144
FN:844,toInt136
FNDA:0,toInt136
FN:862,toInt128
FNDA:0,toInt128
FN:880,toInt120
FNDA:0,toInt120
FN:898,toInt112
FNDA:0,toInt112
FN:916,toInt104
FNDA:0,toInt104
FN:934,toInt96
FNDA:0,toInt96
FN:952,toInt88
FNDA:0,toInt88
FN:970,toInt80
FNDA:0,toInt80
FN:988,toInt72
FNDA:0,toInt72
FN:1006,toInt64
FNDA:0,toInt64
FN:1024,toInt56
FNDA:0,toInt56
FN:1042,toInt48
FNDA:0,toInt48
FN:1060,toInt40
FNDA:0,toInt40
FN:1078,toInt32
FNDA:0,toInt32
FN:1096,toInt24
FNDA:0,toInt24
FN:1114,toInt16
FNDA:0,toInt16
FN:1132,toInt8
FNDA:0,toInt8
FN:1146,toInt256
FNDA:0,toInt256
FN:1157,toUint
FNDA:0,toUint
end_of_record
SF:/Users/nikolajparahin/Downloads/fuzzing_hw4/lib/openzeppelin-contracts/contracts/utils/math/SignedMath.sol
DA:11,0
FN:19,ternary
FNDA:0,ternary
FN:31,max
FNDA:0,max
FN:38,min
FNDA:0,min
FN:46,average
FNDA:0,average
FN:55,abs
FNDA:0,abs
end_of_record
SF:/Users/nikolajparahin/Downloads/fuzzing_hw4/lib/properties/contracts/ERC20/external/properties/ERC20ExternalBasicProperties.sol
DA:15,0
DA:16,0
DA:21,0
DA:26,0
DA:27,0
DA:32,0
DA:37,0
DA:38,0
DA:40,0
DA:41,0
DA:46,0
DA:47,0
DA:48,0
DA:49,0
DA:51,0
DA:52,0
DA:57,0
DA:58,0
DA:59,0
DA:60,0
DA:62,0
DA:63,0
DA:64,0
DA:69,0
DA:70,0
DA:72,0
DA:73,0
DA:74,0
DA:79,0
DA:80,0
DA:81,0
DA:82,0
DA:84,0
DA:85,0
DA:86,0
DA:87,0
DA:92,0
DA:93,0
DA:94,0
DA:96,0
DA:97,0
DA:98,0
DA:99,0
DA:104,0
DA:105,0
DA:106,0
DA:108,0
DA:109,0
DA:110,0
DA:111,0
DA:116,0
DA:117,0
DA:118,0
DA:119,0
DA:121,0
DA:122,0
DA:123,0
DA:124,0
DA:129,0
DA:130,0
DA:131,0
DA:132,0
DA:133,0
DA:135,0
DA:136,0
DA:137,0
DA:138,0
DA:143,0
DA:144,0
DA:145,0
DA:146,0
DA:147,0
DA:148,0
DA:149,0
DA:151,0
DA:152,0
DA:153,0
DA:154,0
DA:159,0
DA:160,0
DA:161,0
DA:166,0
DA:167,0
DA:168,0
DA:170,0
DA:171,0
DA:172,0
DA:177,0
DA:178,0
DA:179,0
DA:180,0
DA:181,0
DA:182,0
DA:184,0
DA:185,0
DA:188,0
DA:189,0
FN:14,test_ERC20external_constantSupply
FNDA:0,test_ERC20external_constantSupply
FN:20,test_ERC20external_userBalanceNotHigherThanSupply
FNDA:0,test_ERC20external_userBalanceNotHigherThanSupply
FN:25,test_ERC20external_userBalancesLessThanTotalSupply
FNDA:0,test_ERC20external_userBalancesLessThanTotalSupply
FN:31,test_ERC20external_zeroAddressBalance
FNDA:0,test_ERC20external_zeroAddressBalance
FN:36,test_ERC20external_transferToZeroAddress
FNDA:0,test_ERC20external_transferToZeroAddress
FN:45,test_ERC20external_transferFromToZeroAddress
FNDA:0,test_ERC20external_transferFromToZeroAddress
FN:56,test_ERC20external_selfTransferFrom
FNDA:0,test_ERC20external_selfTransferFrom
FN:68,test_ERC20external_selfTransfer
FNDA:0,test_ERC20external_selfTransfer
FN:78,test_ERC20external_transferFromMoreThanBalance
FNDA:0,test_ERC20external_transferFromMoreThanBalance
FN:91,test_ERC20external_transferMoreThanBalance
FNDA:0,test_ERC20external_transferMoreThanBalance
FN:103,test_ERC20external_transferZeroAmount
FNDA:0,test_ERC20external_transferZeroAmount
FN:115,test_ERC20external_transferFromZeroAmount
FNDA:0,test_ERC20external_transferFromZeroAmount
FN:128,test_ERC20external_transfer
FNDA:0,test_ERC20external_transfer
FN:142,test_ERC20external_transferFrom
FNDA:0,test_ERC20external_transferFrom
FN:158,test_ERC20external_setAllowance
FNDA:0,test_ERC20external_setAllowance
FN:165,test_ERC20external_setAllowanceTwice
FNDA:0,test_ERC20external_setAllowanceTwice
FN:176,test_ERC20external_spendAllowanceAfterTransfer
FNDA:0,test_ERC20external_spendAllowanceAfterTransfer
end_of_record
SF:/Users/nikolajparahin/Downloads/fuzzing_hw4/lib/properties/contracts/ERC20/external/properties/ERC20ExternalBurnableProperties.sol
DA:16,0
DA:17,0
DA:18,0
DA:19,0
DA:21,0
DA:22,0
DA:23,0
DA:28,0
DA:29,0
DA:30,0
DA:31,0
DA:32,0
DA:34,0
DA:35,0
DA:36,0
DA:41,0
DA:42,0
DA:43,0
DA:44,0
DA:46,0
DA:49,0
DA:50,0
FN:15,test_ERC20external_burn
FNDA:0,test_ERC20external_burn
FN:27,test_ERC20external_burnFrom
FNDA:0,test_ERC20external_burnFrom
FN:40,test_ERC20external_burnFromUpdateAllowance
FNDA:0,test_ERC20external_burnFromUpdateAllowance
end_of_record
SF:/Users/nikolajparahin/Downloads/fuzzing_hw4/lib/properties/contracts/ERC20/external/properties/ERC20ExternalMintableProperties.sol
DA:16,0
DA:17,0
DA:19,0
DA:20,0
DA:21,0
FN:15,test_ERC20external_mintTokens
FNDA:0,test_ERC20external_mintTokens
end_of_record
SF:/Users/nikolajparahin/Downloads/fuzzing_hw4/lib/properties/contracts/ERC20/external/util/ERC20ExternalTestBase.sol
end_of_record
SF:/Users/nikolajparahin/Downloads/fuzzing_hw4/lib/properties/contracts/ERC20/external/util/ITokenMock.sol
end_of_record
SF:/Users/nikolajparahin/Downloads/fuzzing_hw4/lib/properties/contracts/ERC20/internal/properties/ERC20BasicProperties.sol
DA:16,0
DA:17,0
DA:22,3
DA:27,0
DA:28,0
DA:33,4
DA:38,3
DA:39,2
DA:41,4
DA:42,3
DA:47,0
DA:48,0
DA:49,0
DA:50,0
DA:52,0
DA:53,0
DA:58,3
DA:59,4
DA:60,4
DA:61,5
DA:63,5
DA:64,3
DA:65,4
DA:70,3
DA:71,2
DA:73,6
DA:74,3
DA:75,4
DA:80,0
DA:81,0
DA:82,0
DA:83,0
DA:85,0
DA:86,0
DA:87,0
DA:88,0
DA:93,3
DA:94,3
DA:95,2
DA:97,5
DA:98,3
DA:99,4
DA:100,4
DA:105,3
DA:106,3
DA:107,2
DA:109,4
DA:110,3
DA:111,4
DA:112,4
DA:117,3
DA:118,3
DA:119,4
DA:120,4
DA:122,5
DA:123,3
DA:124,4
DA:125,4
DA:130,1
DA:131,3
DA:132,3
DA:133,2
DA:134,4
DA:136,4
DA:137,3
DA:138,5
DA:139,5
DA:144,1
DA:145,1
DA:146,3
DA:147,3
DA:148,4
DA:149,4
DA:150,4
DA:152,5
DA:153,3
DA:154,5
DA:155,5
DA:160,4
DA:161,3
DA:162,3
DA:167,4
DA:168,3
DA:169,5
DA:171,4
DA:172,3
DA:173,6
DA:178,5
DA:179,1
DA:180,3
DA:181,4
DA:182,4
DA:183,4
DA:185,5
DA:186,3
DA:189,1
DA:190,6
FN:15,test_ERC20_constantSupply
FNDA:0,test_ERC20_constantSupply
FN:21,test_ERC20_userBalanceNotHigherThanSupply
FNDA:1,test_ERC20_userBalanceNotHigherThanSupply
FN:26,test_ERC20_usersBalancesNotHigherThanSupply
FNDA:0,test_ERC20_usersBalancesNotHigherThanSupply
FN:32,test_ERC20_zeroAddressBalance
FNDA:1,test_ERC20_zeroAddressBalance
FN:37,test_ERC20_transferToZeroAddress
FNDA:1,test_ERC20_transferToZeroAddress
FN:46,test_ERC20_transferFromToZeroAddress
FNDA:0,test_ERC20_transferFromToZeroAddress
FN:57,test_ERC20_selfTransferFrom
FNDA:1,test_ERC20_selfTransferFrom
FN:69,test_ERC20_selfTransfer
FNDA:1,test_ERC20_selfTransfer
FN:79,test_ERC20_transferFromMoreThanBalance
FNDA:0,test_ERC20_transferFromMoreThanBalance
FN:92,test_ERC20_transferMoreThanBalance
FNDA:1,test_ERC20_transferMoreThanBalance
FN:104,test_ERC20_transferZeroAmount
FNDA:1,test_ERC20_transferZeroAmount
FN:116,test_ERC20_transferFromZeroAmount
FNDA:1,test_ERC20_transferFromZeroAmount
FN:129,test_ERC20_transfer
FNDA:1,test_ERC20_transfer
FN:143,test_ERC20_transferFrom
FNDA:1,test_ERC20_transferFrom
FN:159,test_ERC20_setAllowance
FNDA:1,test_ERC20_setAllowance
FN:166,test_ERC20_setAllowanceTwice
FNDA:1,test_ERC20_setAllowanceTwice
FN:177,test_ERC20_spendAllowanceAfterTransfer
FNDA:1,test_ERC20_spendAllowanceAfterTransfer
end_of_record
SF:/Users/nikolajparahin/Downloads/fuzzing_hw4/lib/properties/contracts/ERC20/internal/properties/ERC20BurnableProperties.sol
DA:9,2
DA:17,3
DA:19,1
DA:20,4
DA:22,2
DA:23,5
DA:24,3
DA:29,3
DA:30,4
DA:31,4
DA:32,1
DA:33,2
DA:35,3
DA:36,5
DA:37,3
DA:42,3
DA:43,4
DA:44,4
DA:45,4
DA:47,3
DA:50,1
DA:51,5
FN:16,test_ERC20_burn
FNDA:1,test_ERC20_burn
FN:28,test_ERC20_burnFrom
FNDA:1,test_ERC20_burnFrom
FN:41,test_ERC20_burnFromUpdateAllowance
FNDA:1,test_ERC20_burnFromUpdateAllowance
end_of_record
SF:/Users/nikolajparahin/Downloads/fuzzing_hw4/lib/properties/contracts/ERC20/internal/properties/ERC20MintableProperties.sol
DA:19,3
DA:20,1
DA:22,2
DA:23,5
DA:24,3
FN:12,mint
FNDA:0,mint
FN:18,test_ERC20_mintTokens
FNDA:1,test_ERC20_mintTokens
end_of_record
SF:/Users/nikolajparahin/Downloads/fuzzing_hw4/lib/properties/contracts/ERC20/internal/util/ERC20TestBase.sol
end_of_record
SF:/Users/nikolajparahin/Downloads/fuzzing_hw4/lib/properties/contracts/util/IERC20.sol
end_of_record
SF:/Users/nikolajparahin/Downloads/fuzzing_hw4/lib/properties/contracts/util/PropertiesConstants.sol
DA:5,1
DA:6,1
DA:7,1
DA:8,3
end_of_record
SF:/Users/nikolajparahin/Downloads/fuzzing_hw4/lib/properties/contracts/util/PropertiesHelper.sol
DA:17,2
DA:18,0
DA:19,0
DA:25,4
DA:26,0
DA:27,0
DA:28,0
DA:29,0
DA:113,2
DA:114,0
DA:115,0
DA:116,0
DA:117,0
DA:118,0
DA:297,0
DA:308,0
DA:314,0
DA:317,0
DA:320,0
DA:323,0
DA:326,0
DA:331,0
DA:333,0
DA:337,0
DA:340,0
DA:343,0
DA:347,0
DA:350,0
DA:353,0
FN:16,assertWithMsg
FNDA:1,assertWithMsg
FN:24,assertEq
FNDA:1,assertEq
FN:35,assertEq
FNDA:0,assertEq
FN:46,assertNeq
FNDA:0,assertNeq
FN:57,assertNeq
FNDA:0,assertNeq
FN:68,assertGte
FNDA:0,assertGte
FN:79,assertGte
FNDA:0,assertGte
FN:90,assertGt
FNDA:0,assertGt
FN:101,assertGt
FNDA:0,assertGt
FN:112,assertLte
FNDA:1,assertLte
FN:123,assertLte
FNDA:0,assertLte
FN:134,assertLt
FNDA:0,assertLt
FN:145,assertLt
FNDA:0,assertLt
FN:156,clampBetween
FNDA:0,clampBetween
FN:169,clampBetween
FNDA:0,clampBetween
FN:185,clampLt
FNDA:0,clampLt
FN:199,clampLt
FNDA:0,clampLt
FN:212,clampLte
FNDA:0,clampLte
FN:225,clampLte
FNDA:0,clampLte
FN:238,clampGt
FNDA:0,clampGt
FN:253,clampGt
FNDA:0,clampGt
FN:267,clampGte
FNDA:0,clampGte
FN:280,clampGte
FNDA:0,clampGte
FN:299,toString
FNDA:0,toString
FN:308,toString
FNDA:0,toString
FN:357,toString
FNDA:0,toString
FN:369,char
FNDA:0,char
end_of_record
SF:/Users/nikolajparahin/Downloads/fuzzing_hw4/src/MyToken.sol
DA:14,1
DA:17,1
DA:21,1
DA:25,12
DA:37,0
DA:43,1
DA:44,2
DA:45,0
DA:47,3
DA:51,2
DA:52,0
DA:59,1
DA:60,2
DA:61,1
DA:63,4
DA:71,13
FN:16,pause
FNDA:1,pause
FN:20,unpause
FNDA:1,unpause
FN:24,mint
FNDA:1,mint
FN:30,totalSupply
FNDA:0,totalSupply
FN:40,transfer
FNDA:1,transfer
FN:50,burn
FNDA:1,burn
FN:55,transferFrom
FNDA:1,transferFrom
FN:66,_update
FNDA:1,_update
end_of_record
SF:/Users/nikolajparahin/Downloads/fuzzing_hw4/src/MyTokenExternal.sol
DA:12,0
DA:18,0
DA:23,0
DA:24,0
DA:26,0
DA:27,0
DA:28,0
DA:29,0
DA:30,0
DA:32,0
DA:33,0
end_of_record
SF:/Users/nikolajparahin/Downloads/fuzzing_hw4/src/MyTokenInternal.sol
DA:17,1
DA:18,1
DA:19,1
DA:20,1
DA:22,1
DA:29,12
DA:38,9
DA:42,2
DA:43,6
DA:50,1
DA:51,2
DA:52,1
DA:54,4
DA:60,1
DA:61,2
DA:62,1
DA:64,3
DA:72,16
FN:25,mint
FNDA:1,mint
FN:32,totalSupply
FNDA:1,totalSupply
FN:41,burn
FNDA:1,burn
FN:46,transferFrom
FNDA:1,transferFrom
FN:57,transfer
FNDA:1,transfer
FN:67,_update
FNDA:1,_update
end_of_record
